1543311149656	mozrunner::runner	INFO	Running command: "C:\\Program Files\\Mozilla Firefox\\firefox.exe" "-marionette" "-foreground" "-no-remote" "-profile" "C:\\Users\\sjones6\\AppData\\Local\\Temp\\rust_mozprofile.UoP6jQmYLOQ1"
1543311154698	Marionette	INFO	Listening on port 9560
1543311154911	Marionette	WARN	TLS certificate errors will be ignored for this session
JavaScript error: resource://gre/modules/JSONFile.jsm, line 159: Error: Data is not ready.
JavaScript error: resource://gre/modules/JSONFile.jsm, line 159: Error: Data is not ready.
1543311160205	Marionette	INFO	Stopped listening on port 9560
1544174657537	mozrunner::runner	INFO	Running command: "C:\\Program Files\\Mozilla Firefox\\firefox.exe" "-marionette" "-foreground" "-no-remote" "-profile" "C:\\Users\\sjones6\\AppData\\Local\\Temp\\rust_mozprofile.zYQD3eqeUqk7"
1544174661662	Marionette	INFO	Listening on port 19793
1544174661693	Marionette	WARN	TLS certificate errors will be ignored for this session
console.error: BroadcastService: 
  receivedBroadcastMessage: handler for
  remote-settings/monitor_changes
  threw error:
  Message: Error: Polling for changes failed: NetworkError when attempting to fetch resource..
  Stack:
    remoteSettingsFunction/remoteSettings.pollChanges@resource://services-settings/remote-settings.js:721:13

1544174767226	Marionette	INFO	Stopped listening on port 19793
1544177451422	mozrunner::runner	INFO	Running command: "C:\\Program Files\\Mozilla Firefox\\firefox.exe" "-marionette" "-foreground" "-no-remote" "-profile" "C:\\Users\\sjones6\\AppData\\Local\\Temp\\rust_mozprofile.wdvNmo6D5LvZ"
1544177454226	Marionette	INFO	Listening on port 1264
1544177454421	Marionette	WARN	TLS certificate errors will be ignored for this session
console.error: BroadcastService: 
  receivedBroadcastMessage: handler for
  remote-settings/monitor_changes
  threw error:
  Message: Error: Polling for changes failed: NetworkError when attempting to fetch resource..
  Stack:
    remoteSettingsFunction/remoteSettings.pollChanges@resource://services-settings/remote-settings.js:721:13

1544177792021	Marionette	INFO	Stopped listening on port 1264
1544177834364	mozrunner::runner	INFO	Running command: "C:\\Program Files\\Mozilla Firefox\\firefox.exe" "-marionette" "-foreground" "-no-remote" "-profile" "C:\\Users\\sjones6\\AppData\\Local\\Temp\\rust_mozprofile.YjPUnsm5H4RW"
1544177841025	Marionette	INFO	Listening on port 1442
1544177841197	Marionette	WARN	TLS certificate errors will be ignored for this session
console.error: BroadcastService: 
  receivedBroadcastMessage: handler for
  remote-settings/monitor_changes
  threw error:
  Message: Error: Polling for changes failed: NetworkError when attempting to fetch resource..
  Stack:
    remoteSettingsFunction/remoteSettings.pollChanges@resource://services-settings/remote-settings.js:721:13

1544178121617	Marionette	INFO	Stopped listening on port 1442
receivedBroadcastMessage: handler for
  remote-settings/monitor_changes
  threw error:
  Message: Error: Polling for changes failed: NetworkError when attempting to fetch resource..
  Stack:
    remoteSettingsFunction/remoteSettings.pollChanges@resource://services-settings/remote-settings.js:721:13

1544178115361	Marionette	INFO	Stopped listening on port 1478
1544178872848	mozrunner::runner	INFO	Running command: "C:\\Program Files\\Mozilla Firefox\\firefox.exe" "-marionette" "-foreground" "-no-remote" "-profile" "C:\\Users\\sjones6\\AppData\\Local\\Temp\\rust_mozprofile.xxOA7ELBuQw5"
1544178879464	Marionette	INFO	Listening on port 1230
1544178879721	Marionette	WARN	TLS certificate errors will be ignored for this session
console.error: BroadcastService: 
  receivedBroadcastMessage: handler for
  remote-settings/monitor_changes
  threw error:
  Message: Error: Polling for changes failed: NetworkError when attempting to fetch resource..
  Stack:
    remoteSettingsFunction/remoteSettings.pollChanges@resource://services-settings/remote-settings.js:721:13

1544180644110	Marionette	INFO	Stopped listening on port 1230
gram Files\\Mozilla Firefox\\firefox.exe" "-marionette" "-foreground" "-no-remote" "-profile" "C:\\Users\\sjones6\\AppData\\Local\\Temp\\rust_mozprofile.OrJpmjv0pP5I"
1544179008432	Marionette	INFO	Listening on port 1295
1544179008896	Marionette	WARN	TLS certificate errors will be ignored for this session
console.error: BroadcastService: 
  receivedBroadcastMessage: handler for
  remote-settings/monitor_changes
  threw error:
  Message: Error: Polling for changes failed: NetworkError when attempting to fetch resource..
  Stack:
    remoteSettingsFunction/remoteSettings.pollChanges@resource://services-settings/remote-settings.js:721:13

1544194309098	Marionette	INFO	Stopped listening on port 1295
gram Files\\Mozilla Firefox\\firefox.exe" "-marionette" "-foreground" "-no-remote" "-profile" "C:\\Users\\sjones6\\AppData\\Local\\Temp\\rust_mozprofile.OCpETrlDXpUE"
1544179812412	Marionette	INFO	Listening on port 1703
1544179812881	Marionette	WARN	TLS certificate errors will be ignored for this session
console.error: BroadcastService: 
  receivedBroadcastMessage: handler for
  remote-settings/monitor_changes
  threw error:
  Message: Error: Polling for changes failed: NetworkError when attempting to fetch resource..
  Stack:
    remoteSettingsFunction/remoteSettings.pollChanges@resource://services-settings/remote-settings.js:721:13

1544180643353	Marionette	INFO	Stopped listening on port 1703
receivedBroadcastMessage: handler for
  remote-settings/monitor_changes
  threw error:
  Message: Error: Polling for changes failed: NetworkError when attempting to fetch resource..
  Stack:
    remoteSettingsFunction/remoteSettings.pollChanges@resource://services-settings/remote-settings.js:721:13

1544180642992	Marionette	INFO	Stopped listening on port 1823
receivedBroadcastMessage: handler for
  remote-settings/monitor_changes
  threw error:
  Message: Error: Polling for changes failed: NetworkError when attempting to fetch resource..
  Stack:
    remoteSettingsFunction/remoteSettings.pollChanges@resource://services-settings/remote-settings.js:721:13

1544194280116	Marionette	INFO	Stopped listening on port 1886
gram Files\\Mozilla Firefox\\firefox.exe" "-marionette" "-foreground" "-no-remote" "-profile" "C:\\Users\\sjones6\\AppData\\Local\\Temp\\rust_mozprofile.F01s5aUnQj31"
1544183102584	Marionette	INFO	Listening on port 26525
1544183103093	Marionette	WARN	TLS certificate errors will be ignored for this session
JavaScript error: resource://gre/modules/JSONFile.jsm, line 159: Error: Data is not ready.
JavaScript error: resource://gre/modules/JSONFile.jsm, line 159: Error: Data is not ready.
1544183110086	Marionette	INFO	Stopped listening on port 26525
1544188926501	mozrunner::runner	INFO	Running command: "C:\\Program Files\\Mozilla Firefox\\firefox.exe" "-marionette" "-foreground" "-no-remote" "-profile" "C:\\Users\\sjones6\\AppData\\Local\\Temp\\rust_mozprofile.MHdKg9Txk3ta"
1544188931168	Marionette	INFO	Listening on port 1892
1544188933259	Marionette	WARN	TLS certificate errors will be ignored for this session
1544189026553	Marionette	INFO	Stopped listening on port 1892
1544191135178	mozrunner::runner	INFO	Running command: "C:\\Program Files\\Mozilla Firefox\\firefox.exe" "-marionette" "-foreground" "-no-remote" "-profile" "C:\\Users\\sjones6\\AppData\\Local\\Temp\\rust_mozprofile.FlthdQniutRw"
1544191139810	Marionette	INFO	Listening on port 1359
1544191139834	Marionette	WARN	TLS certificate errors will be ignored for this session
console.error: BroadcastService: 
  receivedBroadcastMessage: handler for
  remote-settings/monitor_changes
  threw error:
  Message: Error: Polling for changes failed: NetworkError when attempting to fetch resource..
  Stack:
    remoteSettingsFunction/remoteSettings.pollChanges@resource://services-settings/remote-settings.js:721:13

1544194274266	Marionette	INFO	Stopped listening on port 1359
gram Files\\Mozilla Firefox\\firefox.exe" "-marionette" "-foreground" "-no-remote" "-profile" "C:\\Users\\sjones6\\AppData\\Local\\Temp\\rust_mozprofile.L0zJ5DCxeAop"
1544192970792	Marionette	INFO	Listening on port 2323
1544192972940	Marionette	WARN	TLS certificate errors will be ignored for this session
console.error: BroadcastService: 
  receivedBroadcastMessage: handler for
  remote-settings/monitor_changes
  threw error:
  Message: Error: Polling for changes failed: NetworkError when attempting to fetch resource..
  Stack:
    remoteSettingsFunction/remoteSettings.pollChanges@resource://services-settings/remote-settings.js:721:13

1544193226399	Marionette	INFO	Stopped listening on port 2323
1544193233509	mozrunner::runner	INFO	Running command: "C:\\Program Files\\Mozilla Firefox\\firefox.exe" "-marionette" "-foreground" "-no-remote" "-profile" "C:\\Users\\sjones6\\AppData\\Local\\Temp\\rust_mozprofile.HiRU0afKt6oo"
1544193238194	Marionette	INFO	Listening on port 2481
1544193240289	Marionette	WARN	TLS certificate errors will be ignored for this session
1544193332413	Marionette	INFO	Stopped listening on port 2481
1544198052736	mozrunner::runner	INFO	Running command: "C:\\Program Files\\Mozilla Firefox\\firefox.exe" "-marionette" "-foreground" "-no-remote" "-profile" "C:\\Users\\sjones6\\AppData\\Local\\Temp\\rust_mozprofile.G8yiObeqe2ad"
1544198057584	Marionette	INFO	Listening on port 22775
1544198057994	Marionette	WARN	TLS certificate errors will be ignored for this session
console.error: BroadcastService: 
  receivedBroadcastMessage: handler for
  remote-settings/monitor_changes
  threw error:
  Message: Error: Polling for changes failed: NetworkError when attempting to fetch resource..
  Stack:
    remoteSettingsFunction/remoteSettings.pollChanges@resource://services-settings/remote-settings.js:721:13

1544198224050	Marionette	INFO	Stopped listening on port 22775
1544198275496	mozrunner::runner	INFO	Running command: "C:\\Program Files\\Mozilla Firefox\\firefox.exe" "-marionette" "-foreground" "-no-remote" "-profile" "C:\\Users\\sjones6\\AppData\\Local\\Temp\\rust_mozprofile.8Bdmt2lUHRZY"
1544198280123	Marionette	INFO	Listening on port 22867
1544198280152	Marionette	WARN	TLS certificate errors will be ignored for this session
console.error: BroadcastService: 
  receivedBroadcastMessage: handler for
  remote-settings/monitor_changes
  threw error:
  Message: Error: Polling for changes failed: NetworkError when attempting to fetch resource..
  Stack:
    remoteSettingsFunction/remoteSettings.pollChanges@resource://services-settings/remote-settings.js:721:13

1544198424702	Marionette	INFO	Stopped listening on port 22867
1544523749211	mozrunner::runner	INFO	Running command: "C:\\Program Files\\Mozilla Firefox\\firefox.exe" "-marionette" "-foreground" "-no-remote" "-profile" "C:\\Users\\sjones6\\AppData\\Local\\Temp\\rust_mozprofile.oq11S6FFBbH5"
1544523754459	Marionette	INFO	Listening on port 1901
1544523754542	Marionette	WARN	TLS certificate errors will be ignored for this session
console.error: BroadcastService: 
  receivedBroadcastMessage: handler for
  remote-settings/monitor_changes
  threw error:
  Message: Error: Polling for changes failed: NetworkError when attempting to fetch resource..
  Stack:
    remoteSettingsFunction/remoteSettings.pollChanges@resource://services-settings/remote-settings.js:721:13

JavaScript error: chrome://browser/content/urlbarBindings.xml, line 2709: NS_ERROR_FAILURE: Component returned failure code: 0x80004005 (NS_ERROR_FAILURE) [nsIAutoCompleteController.getStyleAt]
JavaScript error: resource://gre/modules/JSONFile.jsm, line 159: Error: Data is not ready.
JavaScript error: resource://gre/modules/JSONFile.jsm, line 159: Error: Data is not ready.
1544523792916	Marionette	INFO	Stopped listening on port 1901
1544523832928	mozrunner::runner	INFO	Running command: "C:\\Program Files\\Mozilla Firefox\\firefox.exe" "-marionette" "-foreground" "-no-remote" "-profile" "C:\\Users\\sjones6\\AppData\\Local\\Temp\\rust_mozprofile.OHNq878bD8IQ"
1544523837932	Marionette	INFO	Listening on port 2078
1544523838208	Marionette	WARN	TLS certificate errors will be ignored for this session
console.error: BroadcastService: 
  receivedBroadcastMessage: handler for
  remote-settings/monitor_changes
  threw error:
  Message: Error: Polling for changes failed: NetworkError when attempting to fetch resource..
  Stack:
    remoteSettingsFunction/remoteSettings.pollChanges@resource://services-settings/remote-settings.js:721:13

JavaScript error: resource://gre/modules/JSONFile.jsm, line 159: Error: Data is not ready.
JavaScript error: resource://gre/modules/JSONFile.jsm, line 159: Error: Data is not ready.
1544523885591	Marionette	INFO	Stopped listening on port 2078
1544523908185	mozrunner::runner	INFO	Running command: "C:\\Program Files\\Mozilla Firefox\\firefox.exe" "-marionette" "-foreground" "-no-remote" "-profile" "C:\\Users\\sjones6\\AppData\\Local\\Temp\\rust_mozprofile.X21HDSm6HIZt"
1544523915477	Marionette	INFO	Listening on port 2245
1544523915660	Marionette	WARN	TLS certificate errors will be ignored for this session
console.error: BroadcastService: 
  receivedBroadcastMessage: handler for
  remote-settings/monitor_changes
  threw error:
  Message: Error: Polling for changes failed: NetworkError when attempting to fetch resource..
  Stack:
    remoteSettingsFunction/remoteSettings.pollChanges@resource://services-settings/remote-settings.js:721:13

1544524000396	Marionette	INFO	Stopped listening on port 2245
